  ConsoleApplication2.c
C:\Users\zero\Desktop\2209040034\StudentScoreManagementSystem\ConsoleApplication2\ConsoleApplication2.c(50,2): warning C4996: 'scanf': This function or variable may be unsafe. Consider using scanf_s instead. To disable deprecation, use _CRT_SECURE_NO_WARNINGS. See online help for details.
C:\Users\zero\Desktop\2209040034\StudentScoreManagementSystem\ConsoleApplication2\ConsoleApplication2.c(95,11): warning C4013: “main”未定义；假设外部返回 int
C:\Users\zero\Desktop\2209040034\StudentScoreManagementSystem\ConsoleApplication2\ConsoleApplication2.c(67,3): warning C4996: 'scanf': This function or variable may be unsafe. Consider using scanf_s instead. To disable deprecation, use _CRT_SECURE_NO_WARNINGS. See online help for details.
C:\Users\zero\Desktop\2209040034\StudentScoreManagementSystem\ConsoleApplication2\ConsoleApplication2.c(72,3): warning C4996: 'scanf': This function or variable may be unsafe. Consider using scanf_s instead. To disable deprecation, use _CRT_SECURE_NO_WARNINGS. See online help for details.
C:\Users\zero\Desktop\2209040034\StudentScoreManagementSystem\ConsoleApplication2\ConsoleApplication2.c(75,3): warning C4996: 'scanf': This function or variable may be unsafe. Consider using scanf_s instead. To disable deprecation, use _CRT_SECURE_NO_WARNINGS. See online help for details.
C:\Users\zero\Desktop\2209040034\StudentScoreManagementSystem\ConsoleApplication2\ConsoleApplication2.c(78,3): warning C4996: 'scanf': This function or variable may be unsafe. Consider using scanf_s instead. To disable deprecation, use _CRT_SECURE_NO_WARNINGS. See online help for details.
C:\Users\zero\Desktop\2209040034\StudentScoreManagementSystem\ConsoleApplication2\ConsoleApplication2.c(81,3): warning C4996: 'scanf': This function or variable may be unsafe. Consider using scanf_s instead. To disable deprecation, use _CRT_SECURE_NO_WARNINGS. See online help for details.
C:\Users\zero\Desktop\2209040034\StudentScoreManagementSystem\ConsoleApplication2\ConsoleApplication2.c(84,3): warning C4996: 'scanf': This function or variable may be unsafe. Consider using scanf_s instead. To disable deprecation, use _CRT_SECURE_NO_WARNINGS. See online help for details.
C:\Users\zero\Desktop\2209040034\StudentScoreManagementSystem\ConsoleApplication2\ConsoleApplication2.c(92,3): warning C4996: 'scanf': This function or variable may be unsafe. Consider using scanf_s instead. To disable deprecation, use _CRT_SECURE_NO_WARNINGS. See online help for details.
C:\Users\zero\Desktop\2209040034\StudentScoreManagementSystem\ConsoleApplication2\ConsoleApplication2.c(114,15): warning C4098: “PrintStudent”:“void”函数返回值
C:\Users\zero\Desktop\2209040034\StudentScoreManagementSystem\ConsoleApplication2\ConsoleApplication2.c(146,15): warning C4098: “SortStudentpj”:“void”函数返回值
C:\Users\zero\Desktop\2209040034\StudentScoreManagementSystem\ConsoleApplication2\ConsoleApplication2.c(175,15): warning C4098: “SortStudentjsj”:“void”函数返回值
C:\Users\zero\Desktop\2209040034\StudentScoreManagementSystem\ConsoleApplication2\ConsoleApplication2.c(202,15): warning C4098: “FindStudentxh”:“void”函数返回值
C:\Users\zero\Desktop\2209040034\StudentScoreManagementSystem\ConsoleApplication2\ConsoleApplication2.c(185,2): warning C4996: 'scanf': This function or variable may be unsafe. Consider using scanf_s instead. To disable deprecation, use _CRT_SECURE_NO_WARNINGS. See online help for details.
C:\Users\zero\Desktop\2209040034\StudentScoreManagementSystem\ConsoleApplication2\ConsoleApplication2.c(181,9): warning C4101: “q”: 未引用的局部变量
C:\Users\zero\Desktop\2209040034\StudentScoreManagementSystem\ConsoleApplication2\ConsoleApplication2.c(218,10): warning C4013: “strcmp”未定义；假设外部返回 int
C:\Users\zero\Desktop\2209040034\StudentScoreManagementSystem\ConsoleApplication2\ConsoleApplication2.c(232,14): warning C4098: “FindStudentxm”:“void”函数返回值
C:\Users\zero\Desktop\2209040034\StudentScoreManagementSystem\ConsoleApplication2\ConsoleApplication2.c(214,5): warning C4996: 'scanf': This function or variable may be unsafe. Consider using scanf_s instead. To disable deprecation, use _CRT_SECURE_NO_WARNINGS. See online help for details.
C:\Users\zero\Desktop\2209040034\StudentScoreManagementSystem\ConsoleApplication2\ConsoleApplication2.c(210,12): warning C4101: “q”: 未引用的局部变量
C:\Users\zero\Desktop\2209040034\StudentScoreManagementSystem\ConsoleApplication2\ConsoleApplication2.c(261,6): warning C4013: “strcpy”未定义；假设外部返回 int
C:\Users\zero\Desktop\2209040034\StudentScoreManagementSystem\ConsoleApplication2\ConsoleApplication2.c(268,18): warning C4098: “DeleteStudent”:“void”函数返回值
C:\Users\zero\Desktop\2209040034\StudentScoreManagementSystem\ConsoleApplication2\ConsoleApplication2.c(272,18): warning C4098: “DeleteStudent”:“void”函数返回值
C:\Users\zero\Desktop\2209040034\StudentScoreManagementSystem\ConsoleApplication2\ConsoleApplication2.c(245,2): warning C4996: 'scanf': This function or variable may be unsafe. Consider using scanf_s instead. To disable deprecation, use _CRT_SECURE_NO_WARNINGS. See online help for details.
C:\Users\zero\Desktop\2209040034\StudentScoreManagementSystem\ConsoleApplication2\ConsoleApplication2.c(255,4): warning C4996: 'scanf': This function or variable may be unsafe. Consider using scanf_s instead. To disable deprecation, use _CRT_SECURE_NO_WARNINGS. See online help for details.
C:\Users\zero\Desktop\2209040034\StudentScoreManagementSystem\ConsoleApplication2\ConsoleApplication2.c(310,15): warning C4098: “ModifyStudent”:“void”函数返回值
C:\Users\zero\Desktop\2209040034\StudentScoreManagementSystem\ConsoleApplication2\ConsoleApplication2.c(287,2): warning C4996: 'scanf': This function or variable may be unsafe. Consider using scanf_s instead. To disable deprecation, use _CRT_SECURE_NO_WARNINGS. See online help for details.
C:\Users\zero\Desktop\2209040034\StudentScoreManagementSystem\ConsoleApplication2\ConsoleApplication2.c(294,4): warning C4996: 'scanf': This function or variable may be unsafe. Consider using scanf_s instead. To disable deprecation, use _CRT_SECURE_NO_WARNINGS. See online help for details.
C:\Users\zero\Desktop\2209040034\StudentScoreManagementSystem\ConsoleApplication2\ConsoleApplication2.c(296,4): warning C4996: 'scanf': This function or variable may be unsafe. Consider using scanf_s instead. To disable deprecation, use _CRT_SECURE_NO_WARNINGS. See online help for details.
C:\Users\zero\Desktop\2209040034\StudentScoreManagementSystem\ConsoleApplication2\ConsoleApplication2.c(298,4): warning C4996: 'scanf': This function or variable may be unsafe. Consider using scanf_s instead. To disable deprecation, use _CRT_SECURE_NO_WARNINGS. See online help for details.
C:\Users\zero\Desktop\2209040034\StudentScoreManagementSystem\ConsoleApplication2\ConsoleApplication2.c(300,4): warning C4996: 'scanf': This function or variable may be unsafe. Consider using scanf_s instead. To disable deprecation, use _CRT_SECURE_NO_WARNINGS. See online help for details.
C:\Users\zero\Desktop\2209040034\StudentScoreManagementSystem\ConsoleApplication2\ConsoleApplication2.c(302,4): warning C4996: 'scanf': This function or variable may be unsafe. Consider using scanf_s instead. To disable deprecation, use _CRT_SECURE_NO_WARNINGS. See online help for details.
C:\Users\zero\Desktop\2209040034\StudentScoreManagementSystem\ConsoleApplication2\ConsoleApplication2.c(304,4): warning C4996: 'scanf': This function or variable may be unsafe. Consider using scanf_s instead. To disable deprecation, use _CRT_SECURE_NO_WARNINGS. See online help for details.
C:\Users\zero\Desktop\2209040034\StudentScoreManagementSystem\ConsoleApplication2\ConsoleApplication2.c(282,6): warning C4101: “w”: 未引用的局部变量
C:\Users\zero\Desktop\2209040034\StudentScoreManagementSystem\ConsoleApplication2\ConsoleApplication2.c(453,15): warning C4098: “ClassGradeAnalysis”:“void”函数返回值
C:\Users\zero\Desktop\2209040034\StudentScoreManagementSystem\ConsoleApplication2\ConsoleApplication2.c(98): warning C4715: “InputStudent”: 不是所有的控件路径都返回值
  ConsoleApplication2.vcxproj -> C:\Users\zero\Desktop\2209040034\StudentScoreManagementSystem\x64\Debug\ConsoleApplication2.exe
